<?xml version="1.0" encoding="UTF-8"?>
<testng-results ignored="0" total="1" passed="1" failed="0" skipped="0">
  <reporter-output>
    <line>
      <![CDATA[-- DB Connected --]]>
    </line>
    <line>
      <![CDATA[-- Launched Chrome  Browser --]]>
    </line>
    <line>
      <![CDATA[-- Logged in to Application --]]>
    </line>
    <line>
      <![CDATA[-- Logged out from Application --]]>
    </line>
    <line>
      <![CDATA[-- Close the Browser --]]>
    </line>
    <line>
      <![CDATA[-- Close DB Connection --]]>
    </line>
  </reporter-output>
  <suite started-at="2024-04-14T13:32:29 IST" name="Default suite" finished-at="2024-04-14T13:33:39 IST" duration-ms="69977">
    <groups>
    </groups>
    <test started-at="2024-04-14T13:32:29 IST" name="Default test" finished-at="2024-04-14T13:33:39 IST" duration-ms="69977">
      <class name="contacts.CreateContact_TestNGTest">
        <test-method is-config="true" signature="connectToDB()[pri:0, instance:contacts.CreateContact_TestNGTest@4b013c76]" started-at="2024-04-14T13:32:29 IST" name="connectToDB" finished-at="2024-04-14T13:32:29 IST" duration-ms="40" status="PASS">
          <reporter-output>
            <line>
              <![CDATA[-- DB Connected --]]>
            </line>
          </reporter-output>
        </test-method> <!-- connectToDB -->
        <test-method is-config="true" signature="launchBrowser()[pri:0, instance:contacts.CreateContact_TestNGTest@4b013c76]" started-at="2024-04-14T13:32:29 IST" name="launchBrowser" finished-at="2024-04-14T13:32:36 IST" duration-ms="6660" status="PASS">
          <reporter-output>
            <line>
              <![CDATA[-- Launched Chrome  Browser --]]>
            </line>
          </reporter-output>
        </test-method> <!-- launchBrowser -->
        <test-method is-config="true" signature="loginToApp()[pri:0, instance:contacts.CreateContact_TestNGTest@4b013c76]" started-at="2024-04-14T13:32:36 IST" name="loginToApp" finished-at="2024-04-14T13:32:43 IST" duration-ms="7571" status="PASS">
          <reporter-output>
            <line>
              <![CDATA[-- Logged in to Application --]]>
            </line>
          </reporter-output>
        </test-method> <!-- loginToApp -->
        <test-method signature="createContact_TestNGTest()[pri:0, instance:contacts.CreateContact_TestNGTest@4b013c76]" started-at="2024-04-14T13:32:43 IST" name="createContact_TestNGTest" finished-at="2024-04-14T13:33:34 IST" duration-ms="51092" status="PASS">
          <reporter-output>
          </reporter-output>
        </test-method> <!-- createContact_TestNGTest -->
        <test-method is-config="true" signature="logoutToApp()[pri:0, instance:contacts.CreateContact_TestNGTest@4b013c76]" started-at="2024-04-14T13:33:34 IST" name="logoutToApp" finished-at="2024-04-14T13:33:38 IST" duration-ms="3815" status="PASS">
          <reporter-output>
            <line>
              <![CDATA[-- Logged out from Application --]]>
            </line>
          </reporter-output>
        </test-method> <!-- logoutToApp -->
        <test-method is-config="true" signature="closeBrowser()[pri:0, instance:contacts.CreateContact_TestNGTest@4b013c76]" started-at="2024-04-14T13:33:38 IST" name="closeBrowser" finished-at="2024-04-14T13:33:39 IST" duration-ms="673" status="PASS">
          <reporter-output>
            <line>
              <![CDATA[-- Close the Browser --]]>
            </line>
          </reporter-output>
        </test-method> <!-- closeBrowser -->
        <test-method is-config="true" signature="disConnectToDB()[pri:0, instance:contacts.CreateContact_TestNGTest@4b013c76]" started-at="2024-04-14T13:33:39 IST" name="disConnectToDB" finished-at="2024-04-14T13:33:39 IST" duration-ms="1" status="PASS">
          <reporter-output>
            <line>
              <![CDATA[-- Close DB Connection --]]>
            </line>
          </reporter-output>
        </test-method> <!-- disConnectToDB -->
      </class> <!-- contacts.CreateContact_TestNGTest -->
    </test> <!-- Default test -->
  </suite> <!-- Default suite -->
</testng-results>
