<?xml version="1.0" encoding="UTF-8"?>
<!-- Generated by org.testng.reporters.JUnitXMLReporter -->
<testsuite ignored="4" hostname="DESKTOP-GHSIURQ" failures="0" tests="9" name="TestRunner-3" time="149.766" errors="0" timestamp="2024-04-10T18:04:48 IST">
  <testcase classname="batchExecutionTestNG.PracticeTest" name="createTest" time="0.003"/>
  <testcase classname="batchExecutionTestNG.PracticeTest" name="deleteTest" time="0.003"/>
  <testcase classname="batchExecutionTestNG.PracticeTest" name="editTest" time="0.002"/>
  <testcase classname="batchExecutionTestNG.Demo" name="demo1" time="0.004"/>
  <testcase classname="batchExecutionTestNG.Demo" name="demo2" time="0.001"/>
  <testcase classname="batchExecutionTestNG.Demo" name="demo3" time="0.001"/>
  <testcase classname="batchExecutionTestNG.SampleTest" name="sampleTest1" time="0.002"/>
  <testcase classname="batchExecutionTestNG.SampleTest" name="sampleTest2" time="0.002"/>
  <testcase classname="batchExecutionTestNG.SampleTest" name="sampleTest3" time="0.002"/>
  <testcase classname="com.GenericUtilities.BaseClass" name="@AfterSuite disConnectToDB" time="0.0">
    <ignored/>
  </testcase> <!-- @AfterSuite disConnectToDB -->
  <testcase classname="com.GenericUtilities.BaseClass" name="@AfterSuite disConnectToDB" time="0.0">
    <ignored/>
  </testcase> <!-- @AfterSuite disConnectToDB -->
  <testcase classname="com.GenericUtilities.BaseClass" name="@BeforeSuite connectToDB" time="0.0">
    <ignored/>
  </testcase> <!-- @BeforeSuite connectToDB -->
  <testcase classname="com.GenericUtilities.BaseClass" name="@BeforeSuite connectToDB" time="0.0">
    <ignored/>
  </testcase> <!-- @BeforeSuite connectToDB -->
</testsuite> <!-- TestRunner-3 -->
