<?xml version="1.0" encoding="UTF-8"?>
<!-- Generated by org.testng.reporters.JUnitXMLReporter -->
<testsuite ignored="2" hostname="DESKTOP-GHSIURQ" failures="2" tests="6" name="Test" time="62.971" errors="0" timestamp="2024-04-12T16:15:57 IST">
  <testcase classname="batchExecutionTestNG.Demo" name="demo1" time="0.032"/>
  <testcase classname="batchExecutionTestNG.Demo" name="demo2" time="0.002"/>
  <testcase classname="batchExecutionTestNG.Demo" name="demo3" time="0.008">
    <failure type="java.lang.AssertionError" message="null">
      <![CDATA[java.lang.AssertionError: null
at batchExecutionTestNG.Demo.demo3(Demo.java:26)
at java.base/java.util.ArrayList.forEach(ArrayList.java:1511)
at java.base/java.util.concurrent.FutureTask.run(FutureTask.java:264)
at java.base/java.util.concurrent.ThreadPoolExecutor.runWorker(ThreadPoolExecutor.java:1136)
at java.base/java.util.concurrent.ThreadPoolExecutor$Worker.run(ThreadPoolExecutor.java:635)
at java.base/java.lang.Thread.run(Thread.java:833)
... Removed 19 stack frames]]>
    </failure>
  </testcase> <!-- demo3 -->
  <testcase classname="batchExecutionTestNG.SampleTest" name="sampleTest1" time="0.004">
    <failure type="java.lang.AssertionError" message="null">
      <![CDATA[java.lang.AssertionError: null
at batchExecutionTestNG.SampleTest.sampleTest1(SampleTest.java:14)
at java.base/java.util.ArrayList.forEach(ArrayList.java:1511)
at java.base/java.util.concurrent.FutureTask.run(FutureTask.java:264)
at java.base/java.util.concurrent.ThreadPoolExecutor.runWorker(ThreadPoolExecutor.java:1136)
at java.base/java.util.concurrent.ThreadPoolExecutor$Worker.run(ThreadPoolExecutor.java:635)
at java.base/java.lang.Thread.run(Thread.java:833)
... Removed 19 stack frames]]>
    </failure>
  </testcase> <!-- sampleTest1 -->
  <testcase classname="batchExecutionTestNG.SampleTest" name="sampleTest2" time="0.002"/>
  <testcase classname="batchExecutionTestNG.SampleTest" name="sampleTest3" time="0.005"/>
  <testcase classname="com.GenericUtilities.BaseClass" name="@BeforeSuite connectToDB" time="0.0">
    <ignored/>
  </testcase> <!-- @BeforeSuite connectToDB -->
  <testcase classname="com.GenericUtilities.BaseClass" name="@AfterSuite disConnectToDB" time="0.0">
    <ignored/>
  </testcase> <!-- @AfterSuite disConnectToDB -->
</testsuite> <!-- Test -->
