<?xml version="1.0" encoding="UTF-8"?>
<!-- Generated by org.testng.reporters.JUnitXMLReporter -->
<testsuite ignored="4" hostname="DESKTOP-GHSIURQ" failures="0" tests="9" name="TestRunner-2" time="12.613" errors="0" timestamp="2024-04-10T17:37:32 IST">
  <testcase classname="batchExecutionTestNG.PracticeTest" name="createTest" time="0.001">
    <skipped/>
  </testcase> <!-- createTest -->
  <testcase classname="batchExecutionTestNG.PracticeTest" name="deleteTest" time="0.0">
    <skipped/>
  </testcase> <!-- deleteTest -->
  <testcase classname="batchExecutionTestNG.PracticeTest" name="editTest" time="0.002">
    <skipped/>
  </testcase> <!-- editTest -->
  <testcase classname="batchExecutionTestNG.Demo" name="demo1" time="0.0">
    <skipped/>
  </testcase> <!-- demo1 -->
  <testcase classname="batchExecutionTestNG.Demo" name="demo2" time="0.0">
    <skipped/>
  </testcase> <!-- demo2 -->
  <testcase classname="batchExecutionTestNG.Demo" name="demo3" time="0.0">
    <skipped/>
  </testcase> <!-- demo3 -->
  <testcase classname="batchExecutionTestNG.SampleTest" name="sampleTest1" time="0.0">
    <skipped/>
  </testcase> <!-- sampleTest1 -->
  <testcase classname="batchExecutionTestNG.SampleTest" name="sampleTest2" time="0.0">
    <skipped/>
  </testcase> <!-- sampleTest2 -->
  <testcase classname="batchExecutionTestNG.SampleTest" name="sampleTest3" time="0.001">
    <skipped/>
  </testcase> <!-- sampleTest3 -->
  <testcase classname="com.GenericUtilities.BaseClass" name="@BeforeSuite connectToDB" time="0.0">
    <ignored/>
  </testcase> <!-- @BeforeSuite connectToDB -->
  <testcase classname="com.GenericUtilities.BaseClass" name="@BeforeSuite connectToDB" time="0.0">
    <ignored/>
  </testcase> <!-- @BeforeSuite connectToDB -->
  <testcase classname="com.GenericUtilities.BaseClass" name="@AfterSuite disConnectToDB" time="0.0">
    <ignored/>
  </testcase> <!-- @AfterSuite disConnectToDB -->
  <testcase classname="com.GenericUtilities.BaseClass" name="@AfterSuite disConnectToDB" time="0.0">
    <ignored/>
  </testcase> <!-- @AfterSuite disConnectToDB -->
</testsuite> <!-- TestRunner-2 -->
