<?xml version="1.0" encoding="UTF-8"?>
<!-- Generated by org.testng.reporters.JUnitXMLReporter -->
<testsuite ignored="0" hostname="DESKTOP-GHSIURQ" failures="0" tests="3" name="Test1" time="50.497" errors="0" timestamp="2024-04-10T16:18:48 IST">
  <testcase classname="batchExecutionTestNG.Demo" name="demo1" time="0.005"/>
  <testcase classname="batchExecutionTestNG.Demo" name="demo2" time="0.002"/>
  <testcase classname="batchExecutionTestNG.Demo" name="demo3" time="0.002"/>
</testsuite> <!-- Test1 -->
